# JRE version: OpenJDK Runtime Environment Temurin-17.0.8.1+1 (17.0.8.1+1) (build 17.0.8.1+1)
# Java VM: OpenJDK 64-Bit Server VM Temurin-17.0.8.1+1 (17.0.8.1+1, mixed mode, sharing, tiered, compressed oops, compressed class ptrs, g1 gc, windows-amd64)
GC Precious Log:
 CPUs: 8 total, 8 available
 Memory: 7865M
 Large Page Support: Disabled
 NUMA Support: Disabled
 Compressed Oops: Enabled (32-bit)
 Heap Region Size: 1M
 Heap Min Capacity: 8M
 Heap Initial Capacity: 124M
 Heap Max Capacity: 1G
 Pre-touch: Disabled
 Parallel Workers: 8
 Concurrent Workers: 2
 Concurrent Refinement Workers: 8
 Periodic GC: Disabled
Heap:
 garbage-first heap   total 133120K, used 64001K [0x00000000c0000000, 0x0000000100000000)
  region size 1024K, 6 young (6144K), 6 survivors (6144K)
 Metaspace       used 9640K, committed 9920K, reserved 1114112K
  class space    used 1471K, committed 1600K, reserved 1048576K
GC Heap History (20 events):
Event: 8.968 GC heap after
{Heap after GC invocations=24 (full 7):
 garbage-first heap   total 78848K, used 25841K [0x00000000c0000000, 0x0000000100000000)
  region size 1024K, 0 young (0K), 0 survivors (0K)
 Metaspace       used 7919K, committed 8192K, reserved 1114112K
  class space    used 1201K, committed 1344K, reserved 1048576K
}
Event: 9.079 GC heap before
{Heap before GC invocations=24 (full 7):
 garbage-first heap   total 78848K, used 57585K [0x00000000c0000000, 0x0000000100000000)
  region size 1024K, 31 young (31744K), 0 survivors (0K)
 Metaspace       used 7919K, committed 8192K, reserved 1114112K
  class space    used 1201K, committed 1344K, reserved 1048576K
}
Event: 9.095 GC heap after
{Heap after GC invocations=25 (full 7):
 garbage-first heap   total 78848K, used 29487K [0x00000000c0000000, 0x0000000100000000)
  region size 1024K, 4 young (4096K), 4 survivors (4096K)
 Metaspace       used 7919K, committed 8192K, reserved 1114112K
  class space    used 1201K, committed 1344K, reserved 1048576K
}
Event: 9.208 GC heap before
{Heap before GC invocations=25 (full 7):
 garbage-first heap   total 78848K, used 59183K [0x00000000c0000000, 0x0000000100000000)
  region size 1024K, 33 young (33792K), 4 survivors (4096K)
 Metaspace       used 7919K, committed 8192K, reserved 1114112K
  class space    used 1201K, committed 1344K, reserved 1048576K
}
Event: 9.236 GC heap after
{Heap after GC invocations=26 (full 7):
 garbage-first heap   total 78848K, used 31747K [0x00000000c0000000, 0x0000000100000000)
  region size 1024K, 4 young (4096K), 4 survivors (4096K)
 Metaspace       used 7919K, committed 8192K, reserved 1114112K
  class space    used 1201K, committed 1344K, reserved 1048576K
}
Event: 9.344 GC heap before
{Heap before GC invocations=26 (full 7):
 garbage-first heap   total 78848K, used 48131K [0x00000000c0000000, 0x0000000100000000)
  region size 1024K, 17 young (17408K), 4 survivors (4096K)
 Metaspace       used 7919K, committed 8192K, reserved 1114112K
  class space    used 1201K, committed 1344K, reserved 1048576K
}
Event: 9.377 GC heap after
{Heap after GC invocations=27 (full 7):
 garbage-first heap   total 236544K, used 39433K [0x00000000c0000000, 0x0000000100000000)
  region size 1024K, 4 young (4096K), 4 survivors (4096K)
 Metaspace       used 7919K, committed 8192K, reserved 1114112K
  class space    used 1201K, committed 1344K, reserved 1048576K
}
Event: 9.391 GC heap before
{Heap before GC invocations=27 (full 7):
 garbage-first heap   total 236544K, used 41481K [0x00000000c0000000, 0x0000000100000000)
  region size 1024K, 4 young (4096K), 4 survivors (4096K)
 Metaspace       used 7919K, committed 8192K, reserved 1114112K
  class space    used 1201K, committed 1344K, reserved 1048576K
}
Event: 9.444 GC heap after
{Heap after GC invocations=28 (full 8):
 garbage-first heap   total 140288K, used 40212K [0x00000000c0000000, 0x0000000100000000)
  region size 1024K, 0 young (0K), 0 survivors (0K)
 Metaspace       used 7919K, committed 8192K, reserved 1114112K
  class space    used 1201K, committed 1344K, reserved 1048576K
}
Event: 9.620 GC heap before
{Heap before GC invocations=28 (full 8):
 garbage-first heap   total 140288K, used 59668K [0x00000000c0000000, 0x0000000100000000)
  region size 1024K, 14 young (14336K), 0 survivors (0K)
 Metaspace       used 7920K, committed 8192K, reserved 1114112K
  class space    used 1201K, committed 1344K, reserved 1048576K
}
Event: 9.681 GC heap after
{Heap after GC invocations=29 (full 9):
 garbage-first heap   total 133120K, used 38392K [0x00000000c0000000, 0x0000000100000000)
  region size 1024K, 0 young (0K), 0 survivors (0K)
 Metaspace       used 7920K, committed 8192K, reserved 1114112K
  class space    used 1201K, committed 1344K, reserved 1048576K
}
Event: 10.855 GC heap before
{Heap before GC invocations=29 (full 9):
 garbage-first heap   total 133120K, used 100856K [0x00000000c0000000, 0x0000000100000000)
  region size 1024K, 60 young (61440K), 0 survivors (0K)
 Metaspace       used 9563K, committed 9792K, reserved 1114112K
  class space    used 1432K, committed 1536K, reserved 1048576K
}
Event: 10.890 GC heap after
{Heap after GC invocations=30 (full 9):
 garbage-first heap   total 133120K, used 48800K [0x00000000c0000000, 0x0000000100000000)
  region size 1024K, 8 young (8192K), 8 survivors (8192K)
 Metaspace       used 9563K, committed 9792K, reserved 1114112K
  class space    used 1432K, committed 1536K, reserved 1048576K
}
Event: 11.055 GC heap before
{Heap before GC invocations=30 (full 9):
 garbage-first heap   total 133120K, used 95904K [0x00000000c0000000, 0x0000000100000000)
  region size 1024K, 54 young (55296K), 8 survivors (8192K)
 Metaspace       used 9582K, committed 9792K, reserved 1114112K
  class space    used 1432K, committed 1536K, reserved 1048576K
}
Event: 11.083 GC heap after
{Heap after GC invocations=31 (full 9):
 garbage-first heap   total 133120K, used 55018K [0x00000000c0000000, 0x0000000100000000)
  region size 1024K, 6 young (6144K), 6 survivors (6144K)
 Metaspace       used 9582K, committed 9792K, reserved 1114112K
  class space    used 1432K, committed 1536K, reserved 1048576K
}
Event: 11.083 GC heap before
{Heap before GC invocations=31 (full 9):
 garbage-first heap   total 133120K, used 55018K [0x00000000c0000000, 0x0000000100000000)
  region size 1024K, 7 young (7168K), 6 survivors (6144K)
 Metaspace       used 9582K, committed 9792K, reserved 1114112K
  class space    used 1432K, committed 1536K, reserved 1048576K
}
Event: 11.185 GC heap after
{Heap after GC invocations=32 (full 10):
 garbage-first heap   total 133120K, used 51944K [0x00000000c0000000, 0x0000000100000000)
  region size 1024K, 0 young (0K), 0 survivors (0K)
 Metaspace       used 9582K, committed 9792K, reserved 1114112K
  class space    used 1432K, committed 1536K, reserved 1048576K
}
Event: 11.333 GC heap before
{Heap before GC invocations=32 (full 10):
 garbage-first heap   total 133120K, used 99048K [0x00000000c0000000, 0x0000000100000000)
  region size 1024K, 46 young (47104K), 0 survivors (0K)
 Metaspace       used 9582K, committed 9792K, reserved 1114112K
  class space    used 1432K, committed 1536K, reserved 1048576K
}
Event: 11.353 GC heap after
{Heap after GC invocations=33 (full 10):
 garbage-first heap   total 133120K, used 58511K [0x00000000c0000000, 0x0000000100000000)
  region size 1024K, 6 young (6144K), 6 survivors (6144K)
 Metaspace       used 9582K, committed 9792K, reserved 1114112K
  class space    used 1432K, committed 1536K, reserved 1048576K
}
Event: 11.555 GC heap before
{Heap before GC invocations=33 (full 10):
 garbage-first heap   total 133120K, used 101519K [0x00000000c0000000, 0x0000000100000000)
  region size 1024K, 48 young (49152K), 6 survivors (6144K)
 Metaspace       used 9640K, committed 9920K, reserved 1114112K
  class space    used 1471K, committed 1600K, reserved 1048576K
}

