# JRE version: OpenJDK Runtime Environment Temurin-17.0.8.1+1 (17.0.8.1+1) (build 17.0.8.1+1)
# Java VM: OpenJDK 64-Bit Server VM Temurin-17.0.8.1+1 (17.0.8.1+1, mixed mode, sharing, tiered, compressed oops, compressed class ptrs, g1 gc, windows-amd64)
GC Precious Log:
 CPUs: 8 total, 8 available
 Memory: 7865M
 Large Page Support: Disabled
 NUMA Support: Disabled
 Compressed Oops: Enabled (32-bit)
 Heap Region Size: 1M
 Heap Min Capacity: 8M
 Heap Initial Capacity: 124M
 Heap Max Capacity: 1G
 Pre-touch: Disabled
 Parallel Workers: 8
 Concurrent Workers: 2
 Concurrent Refinement Workers: 8
 Periodic GC: Disabled
Heap:
 garbage-first heap   total 153600K, used 60829K [0x00000000c0000000, 0x0000000100000000)
  region size 1024K, 9 young (9216K), 9 survivors (9216K)
 Metaspace       used 9363K, committed 9600K, reserved 1114112K
  class space    used 1416K, committed 1536K, reserved 1048576K
GC Heap History (20 events):
Event: 104.086 GC heap after
{Heap after GC invocations=16 (full 5):
 garbage-first heap   total 58368K, used 17515K [0x00000000c0000000, 0x0000000100000000)
  region size 1024K, 0 young (0K), 0 survivors (0K)
 Metaspace       used 7636K, committed 7872K, reserved 1114112K
  class space    used 1154K, committed 1280K, reserved 1048576K
}
Event: 104.300 GC heap before
{Heap before GC invocations=16 (full 5):
 garbage-first heap   total 58368K, used 37995K [0x00000000c0000000, 0x0000000100000000)
  region size 1024K, 20 young (20480K), 0 survivors (0K)
 Metaspace       used 7727K, committed 7936K, reserved 1114112K
  class space    used 1154K, committed 1280K, reserved 1048576K
}
Event: 104.309 GC heap after
{Heap after GC invocations=17 (full 5):
 garbage-first heap   total 58368K, used 19353K [0x00000000c0000000, 0x0000000100000000)
  region size 1024K, 2 young (2048K), 2 survivors (2048K)
 Metaspace       used 7727K, committed 7936K, reserved 1114112K
  class space    used 1154K, committed 1280K, reserved 1048576K
}
Event: 104.356 GC heap before
{Heap before GC invocations=17 (full 5):
 garbage-first heap   total 58368K, used 25497K [0x00000000c0000000, 0x0000000100000000)
  region size 1024K, 9 young (9216K), 2 survivors (2048K)
 Metaspace       used 7728K, committed 7936K, reserved 1114112K
  class space    used 1154K, committed 1280K, reserved 1048576K
}
Event: 104.419 GC heap after
{Heap after GC invocations=18 (full 6):
 garbage-first heap   total 58368K, used 19753K [0x00000000c0000000, 0x0000000100000000)
  region size 1024K, 0 young (0K), 0 survivors (0K)
 Metaspace       used 7728K, committed 7936K, reserved 1114112K
  class space    used 1154K, committed 1280K, reserved 1048576K
}
Event: 104.566 GC heap before
{Heap before GC invocations=18 (full 6):
 garbage-first heap   total 58368K, used 42281K [0x00000000c0000000, 0x0000000100000000)
  region size 1024K, 22 young (22528K), 0 survivors (0K)
 Metaspace       used 7732K, committed 8000K, reserved 1114112K
  class space    used 1154K, committed 1280K, reserved 1048576K
}
Event: 104.585 GC heap after
{Heap after GC invocations=19 (full 6):
 garbage-first heap   total 58368K, used 22271K [0x00000000c0000000, 0x0000000100000000)
  region size 1024K, 3 young (3072K), 3 survivors (3072K)
 Metaspace       used 7732K, committed 8000K, reserved 1114112K
  class space    used 1154K, committed 1280K, reserved 1048576K
}
Event: 104.710 GC heap before
{Heap before GC invocations=19 (full 6):
 garbage-first heap   total 58368K, used 42751K [0x00000000c0000000, 0x0000000100000000)
  region size 1024K, 23 young (23552K), 3 survivors (3072K)
 Metaspace       used 7741K, committed 8000K, reserved 1114112K
  class space    used 1154K, committed 1280K, reserved 1048576K
}
Event: 104.731 GC heap after
{Heap after GC invocations=20 (full 6):
 garbage-first heap   total 58368K, used 24222K [0x00000000c0000000, 0x0000000100000000)
  region size 1024K, 3 young (3072K), 3 survivors (3072K)
 Metaspace       used 7741K, committed 8000K, reserved 1114112K
  class space    used 1154K, committed 1280K, reserved 1048576K
}
Event: 104.902 GC heap before
{Heap before GC invocations=20 (full 6):
 garbage-first heap   total 58368K, used 44702K [0x00000000c0000000, 0x0000000100000000)
  region size 1024K, 22 young (22528K), 3 survivors (3072K)
 Metaspace       used 7889K, committed 8192K, reserved 1114112K
  class space    used 1199K, committed 1344K, reserved 1048576K
}
Event: 104.931 GC heap after
{Heap after GC invocations=21 (full 6):
 garbage-first heap   total 164864K, used 29567K [0x00000000c0000000, 0x0000000100000000)
  region size 1024K, 3 young (3072K), 3 survivors (3072K)
 Metaspace       used 7889K, committed 8192K, reserved 1114112K
  class space    used 1199K, committed 1344K, reserved 1048576K
}
Event: 105.343 GC heap before
{Heap before GC invocations=21 (full 6):
 garbage-first heap   total 164864K, used 117631K [0x00000000c0000000, 0x0000000100000000)
  region size 1024K, 89 young (91136K), 3 survivors (3072K)
 Metaspace       used 7904K, committed 8192K, reserved 1114112K
  class space    used 1201K, committed 1344K, reserved 1048576K
}
Event: 105.376 GC heap after
{Heap after GC invocations=22 (full 6):
 garbage-first heap   total 164864K, used 37698K [0x00000000c0000000, 0x0000000100000000)
  region size 1024K, 11 young (11264K), 11 survivors (11264K)
 Metaspace       used 7904K, committed 8192K, reserved 1114112K
  class space    used 1201K, committed 1344K, reserved 1048576K
}
Event: 106.539 GC heap before
{Heap before GC invocations=22 (full 6):
 garbage-first heap   total 164864K, used 129858K [0x00000000c0000000, 0x0000000100000000)
  region size 1024K, 90 young (92160K), 11 survivors (11264K)
 Metaspace       used 8706K, committed 8960K, reserved 1114112K
  class space    used 1342K, committed 1472K, reserved 1048576K
}
Event: 106.598 GC heap after
{Heap after GC invocations=23 (full 6):
 garbage-first heap   total 164864K, used 54878K [0x00000000c0000000, 0x0000000100000000)
  region size 1024K, 12 young (12288K), 12 survivors (12288K)
 Metaspace       used 8706K, committed 8960K, reserved 1114112K
  class space    used 1342K, committed 1472K, reserved 1048576K
}
Event: 106.895 GC heap before
{Heap before GC invocations=23 (full 6):
 garbage-first heap   total 164864K, used 76382K [0x00000000c0000000, 0x0000000100000000)
  region size 1024K, 33 young (33792K), 12 survivors (12288K)
 Metaspace       used 9195K, committed 9408K, reserved 1114112K
  class space    used 1410K, committed 1536K, reserved 1048576K
}
Event: 106.984 GC heap after
{Heap after GC invocations=24 (full 7):
 garbage-first heap   total 153600K, used 45348K [0x00000000c0000000, 0x0000000100000000)
  region size 1024K, 0 young (0K), 0 survivors (0K)
 Metaspace       used 9195K, committed 9408K, reserved 1114112K
  class space    used 1410K, committed 1536K, reserved 1048576K
}
Event: 107.364 GC heap before
{Heap before GC invocations=24 (full 7):
 garbage-first heap   total 153600K, used 109860K [0x00000000c0000000, 0x0000000100000000)
  region size 1024K, 63 young (64512K), 0 survivors (0K)
 Metaspace       used 9363K, committed 9600K, reserved 1114112K
  class space    used 1416K, committed 1536K, reserved 1048576K
}
Event: 107.389 GC heap after
{Heap after GC invocations=25 (full 7):
 garbage-first heap   total 153600K, used 53540K [0x00000000c0000000, 0x0000000100000000)
  region size 1024K, 8 young (8192K), 8 survivors (8192K)
 Metaspace       used 9363K, committed 9600K, reserved 1114112K
  class space    used 1416K, committed 1536K, reserved 1048576K
}
Event: 107.608 GC heap before
{Heap before GC invocations=25 (full 7):
 garbage-first heap   total 153600K, used 113956K [0x00000000c0000000, 0x0000000100000000)
  region size 1024K, 67 young (68608K), 8 survivors (8192K)
 Metaspace       used 9363K, committed 9600K, reserved 1114112K
  class space    used 1416K, committed 1536K, reserved 1048576K
}

